#
# There is insufficient memory for the Java Runtime Environment to continue.
# Native memory allocation (malloc) failed to allocate 218736 bytes for Chunk::new
# Possible reasons:
#   The system is out of physical RAM or swap space
#   In 32 bit mode, the process size limit was hit
# Possible solutions:
#   Reduce memory load on the system
#   Increase physical memory or swap space
#   Check if swap backing store is full
#   Use 64 bit Java on a 64 bit OS
#   Decrease Java heap size (-Xmx/-Xms)
#   Decrease number of Java threads
#   Decrease Java thread stack sizes (-Xss)
#   Set larger code cache with -XX:ReservedCodeCacheSize=
# This output file may be truncated or incomplete.
#
#  Out of Memory Error (allocation.cpp:390), pid=2744, tid=0x0000000000000e84
#
# JRE version: Java(TM) SE Runtime Environment (8.0_181-b13) (build 1.8.0_181-b13)
# Java VM: Java HotSpot(TM) 64-Bit Server VM (25.181-b13 mixed mode windows-amd64 compressed oops)
# Core dump written. Default location: C:\Selenium\common\lib\hs_err_pid2744.mdmp
#

---------------  T H R E A D  ---------------

Current thread (0x0000000014469800):  JavaThread "C2 CompilerThread0" daemon [_thread_in_native, id=3716, stack(0x0000000015480000,0x0000000015580000)]

Stack: [0x0000000015480000,0x0000000015580000]
[error occurred during error reporting (printing stack bounds), id 0xc0000005]

Native frames: (J=compiled Java code, j=interpreted, Vv=VM code, C=native code)


Current CompileTask:
C2:16640992 4267   !   4       org.seleniumhq.jetty9.server.HttpChannel::handle (1042 bytes)


---------------  P R O C E S S  ---------------

Java Threads: ( => current thread )
  0x0000000015f4e800 JavaThread "RemoteProxy failure poller thread for http://137.52.220.80:5555" [_thread_in_Java, id=3204, stack(0x00000000180b0000,0x00000000181b0000)]
  0x0000000015f4a000 JavaThread "RemoteProxy CleanUpThread for http://137.52.220.80:5555" [_thread_blocked, id=3196, stack(0x0000000017eb0000,0x0000000017fb0000)]
  0x0000000015f4d800 JavaThread "RemoteProxy failure poller thread for http://137.52.220.171:5555" [_thread_blocked, id=3468, stack(0x0000000017ab0000,0x0000000017bb0000)]
  0x0000000015f4d000 JavaThread "RemoteProxy CleanUpThread for http://137.52.220.171:5555" [_thread_blocked, id=3528, stack(0x00000000178b0000,0x00000000179b0000)]
  0x0000000015da5000 JavaThread "Scheduler-222624801" [_thread_in_vm, id=3576, stack(0x00000000175b0000,0x00000000176b0000)]
  0x0000000000c41000 JavaThread "DestroyJavaVM" [_thread_blocked, id=2992, stack(0x0000000000a70000,0x0000000000b70000)]
  0x0000000015adc000 JavaThread "Scheduler-1256728724" [_thread_blocked, id=3580, stack(0x00000000174b0000,0x00000000175b0000)]
  0x0000000015ada800 JavaThread "qtp1864350231-18" [_thread_blocked, id=3548, stack(0x00000000171b0000,0x00000000172b0000)]
  0x0000000015ada000 JavaThread "qtp1864350231-17" [_thread_in_native, id=3532, stack(0x00000000170b0000,0x00000000171b0000)]
  0x0000000015ad7000 JavaThread "qtp1864350231-16" [_thread_in_Java, id=3552, stack(0x0000000016fb0000,0x00000000170b0000)]
  0x0000000015b62800 JavaThread "qtp1864350231-15" [_thread_blocked, id=3516, stack(0x0000000016eb0000,0x0000000016fb0000)]
  0x0000000015c3a800 JavaThread "qtp1864350231-14" [_thread_blocked, id=3512, stack(0x0000000016db0000,0x0000000016eb0000)]
  0x0000000015c39800 JavaThread "qtp1864350231-13-acceptor-0@6b97b38c-ServerConnector@7181ae3f{HTTP/1.1,[http/1.1]}{0.0.0.0:4444}" [_thread_in_native, id=3500, stack(0x0000000016cb0000,0x0000000016db0000)]
  0x0000000015c39000 JavaThread "qtp1864350231-12" [_thread_in_Java, id=3520, stack(0x0000000016bb0000,0x0000000016cb0000)]
  0x0000000015c38800 JavaThread "qtp1864350231-11" [_thread_blocked, id=3484, stack(0x0000000016ab0000,0x0000000016bb0000)]
  0x0000000015fb2000 JavaThread "Matcher thread" [_thread_blocked, id=3364, stack(0x0000000015880000,0x0000000015980000)]
  0x00000000144ac800 JavaThread "Service Thread" daemon [_thread_blocked, id=3732, stack(0x0000000015680000,0x0000000015780000)]
  0x0000000014482000 JavaThread "C1 CompilerThread1" daemon [_thread_blocked, id=3720, stack(0x0000000015580000,0x0000000015680000)]
=>0x0000000014469800 JavaThread "C2 CompilerThread0" daemon [_thread_in_native, id=3716, stack(0x0000000015480000,0x0000000015580000)]
  0x0000000014470000 JavaThread "Attach Listener" daemon [_thread_blocked, id=3712, stack(0x0000000015380000,0x0000000015480000)]
  0x000000001446f000 JavaThread "Signal Dispatcher" daemon [_thread_blocked, id=3708, stack(0x0000000015280000,0x0000000015380000)]
  0x0000000014458800 JavaThread "Finalizer" daemon [_thread_blocked, id=696, stack(0x00000000150a0000,0x00000000151a0000)]
  0x0000000000d2e800 JavaThread "Reference Handler" daemon [_thread_blocked, id=2008, stack(0x0000000014fa0000,0x00000000150a0000)]

Other Threads:
  0x0000000014436000 VMThread [stack: 0x0000000014ea0000,0x0000000014fa0000] [id=1000]
  0x00000000144f1800 WatcherThread [stack: 0x0000000015780000,0x0000000015880000] [id=3740]

VM state:not at safepoint (normal execution)

VM Mutex/Monitor currently owned by a thread:  ([mutex/lock_event])
[0x0000000000c3bd50] SystemDictionary_lock - owner thread: 0x0000000015da5000

Heap:
 PSYoungGen      total 22528K, used 20995K [0x00000000e0000000, 0x00000000e1700000, 0x0000000100000000)
  eden space 21504K, 96% used [0x00000000e0000000,0x00000000e1430cf8,0x00000000e1500000)
  from space 1024K, 31% used [0x00000000e1500000,0x00000000e1550000,0x00000000e1600000)
  to   space 1024K, 0% used [0x00000000e1600000,0x00000000e1600000,0x00000000e1700000)
 ParOldGen       total 65536K, used 11038K [0x00000000a0000000, 0x00000000a4000000, 0x00000000e0000000)
  object space 65536K, 16% used [0x00000000a0000000,0x00000000a0ac79d8,0x00000000a4000000)
 Metaspace       used 16548K, capacity 16826K, committed 17152K, reserved 1064960K
  class space    used 1865K, capacity 1991K, committed 2048K, reserved 1048576K

Card table byte_map: [0x0000000010100000,0x0000000010410000] byte_map_base: 0x000000000fc00000

Marking Bits: (ParMarkBitMap*) 0x000000006c802d00
 Begin Bits: [0x0000000010810000, 0x0000000012010000)
 End Bits:   [0x0000000012010000, 0x0000000013810000)

Polling page: 0x00000000008a0000

CodeCache: size=245760Kb used=12457Kb max_used=12767Kb free=233302Kb
 bounds [0x0000000000d40000, 0x0000000001a20000, 0x000000000fd40000]
 total_blobs=3744 nmethods=3332 adapters=324
 compilation: enabled

Compilation events (10 events):
Event: 16444.340 Thread 0x0000000014469800 nmethod 4262 0x0000000001682b50 code [0x0000000001682ca0, 0x0000000001682dc8]
Event: 16444.420 Thread 0x0000000014469800 4263       4       java.net.Inet4Address::isAnyLocalAddress (16 bytes)
Event: 16444.422 Thread 0x0000000014469800 nmethod 4263 0x000000000142bb90 code [0x000000000142bcc0, 0x000000000142bd58]
Event: 16449.342 Thread 0x0000000014469800 4264   !   4       org.openqa.grid.selenium.proxy.DefaultRemoteProxy::isAlive (38 bytes)
Event: 16449.571 Thread 0x0000000014469800 nmethod 4264 0x0000000000f76110 code [0x0000000000f762a0, 0x0000000000f764d0]
Event: 16502.151 Thread 0x0000000014469800 4265       4       java.util.ArrayDeque::offer (6 bytes)
Event: 16502.467 Thread 0x0000000014469800 nmethod 4265 0x00000000015a54d0 code [0x00000000015a5620, 0x00000000015a5758]
Event: 16534.163 Thread 0x0000000014482000 4266       3       org.seleniumhq.jetty9.util.thread.QueuedThreadPool::access$800 (5 bytes)
Event: 16534.407 Thread 0x0000000014482000 nmethod 4266 0x00000000015a4e10 code [0x00000000015a4f80, 0x00000000015a5308]
Event: 16539.351 Thread 0x0000000014469800 4267   !   4       org.seleniumhq.jetty9.server.HttpChannel::handle (1042 bytes)

GC Heap History (10 events):
Event: 14984.370 GC heap before
{Heap before GC invocations=53 (full 0):
 PSYoungGen      total 22528K, used 21856K [0x00000000e0000000, 0x00000000e1700000, 0x0000000100000000)
  eden space 21504K, 100% used [0x00000000e0000000,0x00000000e1500000,0x00000000e1500000)
  from space 1024K, 34% used [0x00000000e1600000,0x00000000e1658000,0x00000000e1700000)
  to   space 1024K, 0% used [0x00000000e1500000,0x00000000e1500000,0x00000000e1600000)
 ParOldGen       total 65536K, used 10958K [0x00000000a0000000, 0x00000000a4000000, 0x00000000e0000000)
  object space 65536K, 16% used [0x00000000a0000000,0x00000000a0ab39c8,0x00000000a4000000)
 Metaspace       used 16548K, capacity 16826K, committed 17152K, reserved 1064960K
  class space    used 1865K, capacity 1991K, committed 2048K, reserved 1048576K
Event: 14984.865 GC heap after
Heap after GC invocations=53 (full 0):
 PSYoungGen      total 22528K, used 352K [0x00000000e0000000, 0x00000000e1700000, 0x0000000100000000)
  eden space 21504K, 0% used [0x00000000e0000000,0x00000000e0000000,0x00000000e1500000)
  from space 1024K, 34% used [0x00000000e1500000,0x00000000e1558000,0x00000000e1600000)
  to   space 1024K, 0% used [0x00000000e1600000,0x00000000e1600000,0x00000000e1700000)
 ParOldGen       total 65536K, used 10974K [0x00000000a0000000, 0x00000000a4000000, 0x00000000e0000000)
  object space 65536K, 16% used [0x00000000a0000000,0x00000000a0ab79c8,0x00000000a4000000)
 Metaspace       used 16548K, capacity 16826K, committed 17152K, reserved 1064960K
  class space    used 1865K, capacity 1991K, committed 2048K, reserved 1048576K
}
Event: 15286.224 GC heap before
{Heap before GC invocations=54 (full 0):
 PSYoungGen      total 22528K, used 21856K [0x00000000e0000000, 0x00000000e1700000, 0x0000000100000000)
  eden space 21504K, 100% used [0x00000000e0000000,0x00000000e1500000,0x00000000e1500000)
  from space 1024K, 34% used [0x00000000e1500000,0x00000000e1558000,0x00000000e1600000)
  to   space 1024K, 0% used [0x00000000e1600000,0x00000000e1600000,0x00000000e1700000)
 ParOldGen       total 65536K, used 10974K [0x00000000a0000000, 0x00000000a4000000, 0x00000000e0000000)
  object space 65536K, 16% used [0x00000000a0000000,0x00000000a0ab79c8,0x00000000a4000000)
 Metaspace       used 16548K, capacity 16826K, committed 17152K, reserved 1064960K
  class space    used 1865K, capacity 1991K, committed 2048K, reserved 1048576K
Event: 15288.134 GC heap after
Heap after GC invocations=54 (full 0):
 PSYoungGen      total 22528K, used 320K [0x00000000e0000000, 0x00000000e1700000, 0x0000000100000000)
  eden space 21504K, 0% used [0x00000000e0000000,0x00000000e0000000,0x00000000e1500000)
  from space 1024K, 31% used [0x00000000e1600000,0x00000000e1650000,0x00000000e1700000)
  to   space 1024K, 0% used [0x00000000e1500000,0x00000000e1500000,0x00000000e1600000)
 ParOldGen       total 65536K, used 10990K [0x00000000a0000000, 0x00000000a4000000, 0x00000000e0000000)
  object space 65536K, 16% used [0x00000000a0000000,0x00000000a0abb9c8,0x00000000a4000000)
 Metaspace       used 16548K, capacity 16826K, committed 17152K, reserved 1064960K
  class space    used 1865K, capacity 1991K, committed 2048K, reserved 1048576K
}
Event: 15574.696 GC heap before
{Heap before GC invocations=55 (full 0):
 PSYoungGen      total 22528K, used 21824K [0x00000000e0000000, 0x00000000e1700000, 0x0000000100000000)
  eden space 21504K, 100% used [0x00000000e0000000,0x00000000e1500000,0x00000000e1500000)
  from space 1024K, 31% used [0x00000000e1600000,0x00000000e1650000,0x00000000e1700000)
  to   space 1024K, 0% used [0x00000000e1500000,0x00000000e1500000,0x00000000e1600000)
 ParOldGen       total 65536K, used 10990K [0x00000000a0000000, 0x00000000a4000000, 0x00000000e0000000)
  object space 65536K, 16% used [0x00000000a0000000,0x00000000a0abb9c8,0x00000000a4000000)
 Metaspace       used 16548K, capacity 16826K, committed 17152K, reserved 1064960K
  class space    used 1865K, capacity 1991K, committed 2048K, reserved 1048576K
Event: 15575.463 GC heap after
Heap after GC invocations=55 (full 0):
 PSYoungGen      total 22528K, used 320K [0x00000000e0000000, 0x00000000e1700000, 0x0000000100000000)
  eden space 21504K, 0% used [0x00000000e0000000,0x00000000e0000000,0x00000000e1500000)
  from space 1024K, 31% used [0x00000000e1500000,0x00000000e1550000,0x00000000e1600000)
  to   space 1024K, 0% used [0x00000000e1600000,0x00000000e1600000,0x00000000e1700000)
 ParOldGen       total 65536K, used 11006K [0x00000000a0000000, 0x00000000a4000000, 0x00000000e0000000)
  object space 65536K, 16% used [0x00000000a0000000,0x00000000a0abf9c8,0x00000000a4000000)
 Metaspace       used 16548K, capacity 16826K, committed 17152K, reserved 1064960K
  class space    used 1865K, capacity 1991K, committed 2048K, reserved 1048576K
}
Event: 15897.560 GC heap before
{Heap before GC invocations=56 (full 0):
 PSYoungGen      total 22528K, used 21824K [0x00000000e0000000, 0x00000000e1700000, 0x0000000100000000)
  eden space 21504K, 100% used [0x00000000e0000000,0x00000000e1500000,0x00000000e1500000)
  from space 1024K, 31% used [0x00000000e1500000,0x00000000e1550000,0x00000000e1600000)
  to   space 1024K, 0% used [0x00000000e1600000,0x00000000e1600000,0x00000000e1700000)
 ParOldGen       total 65536K, used 11006K [0x00000000a0000000, 0x00000000a4000000, 0x00000000e0000000)
  object space 65536K, 16% used [0x00000000a0000000,0x00000000a0abf9c8,0x00000000a4000000)
 Metaspace       used 16548K, capacity 16826K, committed 17152K, reserved 1064960K
  class space    used 1865K, capacity 1991K, committed 2048K, reserved 1048576K
Event: 15902.271 GC heap after
Heap after GC invocations=56 (full 0):
 PSYoungGen      total 22528K, used 320K [0x00000000e0000000, 0x00000000e1700000, 0x0000000100000000)
  eden space 21504K, 0% used [0x00000000e0000000,0x00000000e0000000,0x00000000e1500000)
  from space 1024K, 31% used [0x00000000e1600000,0x00000000e1650000,0x00000000e1700000)
  to   space 1024K, 0% used [0x00000000e1500000,0x00000000e1500000,0x00000000e1600000)
 ParOldGen       total 65536K, used 11022K [0x00000000a0000000, 0x00000000a4000000, 0x00000000e0000000)
  object space 65536K, 16% used [0x00000000a0000000,0x00000000a0ac39d8,0x00000000a4000000)
 Metaspace       used 16548K, capacity 16826K, committed 17152K, reserved 1064960K
  class space    used 1865K, capacity 1991K, committed 2048K, reserved 1048576K
}
Event: 16226.842 GC heap before
{Heap before GC invocations=57 (full 0):
 PSYoungGen      total 22528K, used 21824K [0x00000000e0000000, 0x00000000e1700000, 0x0000000100000000)
  eden space 21504K, 100% used [0x00000000e0000000,0x00000000e1500000,0x00000000e1500000)
  from space 1024K, 31% used [0x00000000e1600000,0x00000000e1650000,0x00000000e1700000)
  to   space 1024K, 0% used [0x00000000e1500000,0x00000000e1500000,0x00000000e1600000)
 ParOldGen       total 65536K, used 11022K [0x00000000a0000000, 0x00000000a4000000, 0x00000000e0000000)
  object space 65536K, 16% used [0x00000000a0000000,0x00000000a0ac39d8,0x00000000a4000000)
 Metaspace       used 16548K, capacity 16826K, committed 17152K, reserved 1064960K
  class space    used 1865K, capacity 1991K, committed 2048K, reserved 1048576K
Event: 16230.709 GC heap after
Heap after GC invocations=57 (full 0):
 PSYoungGen      total 22528K, used 320K [0x00000000e0000000, 0x00000000e1700000, 0x0000000100000000)
  eden space 21504K, 0% used [0x00000000e0000000,0x00000000e0000000,0x00000000e1500000)
  from space 1024K, 31% used [0x00000000e1500000,0x00000000e1550000,0x00000000e1600000)
  to   space 1024K, 0% used [0x00000000e1600000,0x00000000e1600000,0x00000000e1700000)
 ParOldGen       total 65536K, used 11038K [0x00000000a0000000, 0x00000000a4000000, 0x00000000e0000000)
  object space 65536K, 16% used [0x00000000a0000000,0x00000000a0ac79d8,0x00000000a4000000)
 Metaspace       used 16548K, capacity 16826K, committed 17152K, reserved 1064960K
  class space    used 1865K, capacity 1991K, committed 2048K, reserved 1048576K
}

Deoptimization events (10 events):
Event: 15765.959 Thread 0x0000000015c39000 Uncommon trap: reason=unstable_if action=reinterpret pc=0x00000000015e2d70 method=java.util.concurrent.ConcurrentLinkedDeque.linkFirst(Ljava/lang/Object;)V @ 29
Event: 15767.081 Thread 0x0000000015c39000 Uncommon trap: reason=unstable_if action=reinterpret pc=0x0000000001401ab8 method=java.util.concurrent.ConcurrentLinkedDeque.first()Ljava/util/concurrent/ConcurrentLinkedDeque$Node; @ 13
Event: 15767.081 Thread 0x0000000015ad7000 Uncommon trap: reason=unstable_if action=reinterpret pc=0x0000000001401ab8 method=java.util.concurrent.ConcurrentLinkedDeque.first()Ljava/util/concurrent/ConcurrentLinkedDeque$Node; @ 13
Event: 15767.123 Thread 0x0000000015c39000 Uncommon trap: reason=unstable_if action=reinterpret pc=0x00000000010af184 method=java.util.concurrent.ConcurrentLinkedDeque.linkFirst(Ljava/lang/Object;)V @ 29
Event: 15767.161 Thread 0x0000000015c39000 Uncommon trap: reason=unstable_if action=reinterpret pc=0x00000000012023fc method=java.util.concurrent.ConcurrentLinkedDeque.linkFirst(Ljava/lang/Object;)V @ 29
Event: 15772.950 Thread 0x0000000015c3a800 Uncommon trap: reason=class_check action=maybe_recompile pc=0x00000000015705d4 method=org.seleniumhq.jetty9.util.thread.QueuedThreadPool.idleJobPoll()Ljava/lang/Runnable; @ 17
Event: 15776.476 Thread 0x0000000015ada800 Uncommon trap: reason=unstable_if action=reinterpret pc=0x00000000018a188c method=java.util.concurrent.ConcurrentLinkedDeque.skipDeletedPredecessors(Ljava/util/concurrent/ConcurrentLinkedDeque$Node;)V @ 56
Event: 15782.521 Thread 0x0000000015ad7000 Uncommon trap: reason=class_check action=maybe_recompile pc=0x00000000015705d4 method=org.seleniumhq.jetty9.util.thread.QueuedThreadPool.idleJobPoll()Ljava/lang/Runnable; @ 17
Event: 16102.352 Thread 0x0000000015c38800 Uncommon trap: reason=unstable_if action=reinterpret pc=0x000000000155d6bc method=java.util.concurrent.ConcurrentLinkedDeque.updateHead()V @ 18
Event: 16170.471 Thread 0x0000000015c3a800 Uncommon trap: reason=unstable_if action=reinterpret pc=0x00000000019d4778 method=java.util.concurrent.locks.AbstractQueuedSynchronizer.acquireInterruptibly(I)V @ 19

Classes redefined (0 events):
No events

Internal exceptions (10 events):
Event: 189.849 Thread 0x0000000000c41000 Exception <a 'java/security/PrivilegedActionException'> (0x00000000e057bd18) thrown at [C:\re\workspace\8-2-build-windows-amd64-cygwin\jdk8u181\11358\hotspot\src\share\vm\prims\jvm.cpp, line 1435]
Event: 193.390 Thread 0x0000000000c41000 Exception <a 'java/lang/NoClassDefFoundError': org/apache/log4j/Priority> (0x00000000e06a5af8) thrown at [C:\re\workspace\8-2-build-windows-amd64-cygwin\jdk8u181\11358\hotspot\src\share\vm\classfile\systemDictionary.cpp, line 199]
Event: 213.262 Thread 0x0000000000c41000 Exception <a 'java/lang/NoClassDefFoundError': org/slf4j/Logger> (0x00000000e168d860) thrown at [C:\re\workspace\8-2-build-windows-amd64-cygwin\jdk8u181\11358\hotspot\src\share\vm\classfile\systemDictionary.cpp, line 199]
Event: 223.575 Thread 0x0000000015b62800 Exception <a 'java/lang/ArrayIndexOutOfBoundsException': 18> (0x00000000e0a8b318) thrown at [C:\re\workspace\8-2-build-windows-amd64-cygwin\jdk8u181\11358\hotspot\src\share\vm\interpreter\interpreterRuntime.cpp, line 366]
Event: 223.576 Thread 0x0000000015b62800 Exception <a 'java/lang/ArrayIndexOutOfBoundsException': 105> (0x00000000e0a8c8a8) thrown at [C:\re\workspace\8-2-build-windows-amd64-cygwin\jdk8u181\11358\hotspot\src\share\vm\interpreter\interpreterRuntime.cpp, line 366]
Event: 15199.681 Thread 0x0000000015c39000 Implicit null exception at 0x0000000001912971 to 0x0000000001913665
Event: 15218.772 Thread 0x0000000015ad7000 Implicit null exception at 0x000000000131457d to 0x00000000013147e5
Event: 15313.464 Thread 0x0000000015ada800 Implicit null exception at 0x00000000015770cb to 0x0000000001577ff9
Event: 15767.079 Thread 0x0000000015c39000 Implicit null exception at 0x0000000001400ad8 to 0x0000000001401a95
Event: 15767.079 Thread 0x0000000015ad7000 Implicit null exception at 0x0000000001400ad8 to 0x0000000001401a95

Events (10 events):
Event: 16522.439 Executing VM operation: RevokeBias
Event: 16522.472 Executing VM operation: RevokeBias done
Event: 16528.011 Executing VM operation: RevokeBias
Event: 16528.011 Executing VM operation: RevokeBias done
Event: 16533.103 Executing VM operation: RevokeBias
Event: 16533.103 Executing VM operation: RevokeBias done
Event: 16534.601 Thread 0x0000000014482000 flushing nmethod 0x0000000001283e90
Event: 16534.615 Thread 0x0000000014482000 flushing nmethod 0x0000000001296610
Event: 16538.207 Executing VM operation: BulkRevokeBias
Event: 16539.133 Executing VM operation: BulkRevokeBias done


Dynamic libraries:
0x00007ff7e7730000 - 0x00007ff7e7767000 	C:\Program Files (x86)\Common Files\Oracle\Java\javapath\java.exe
0x00007ff8c9030000 - 0x00007ff8c91dd000 	C:\Windows\SYSTEM32\ntdll.dll
0x00007ff8c8660000 - 0x00007ff8c879e000 	C:\Windows\system32\KERNEL32.DLL
0x00007ff8c6230000 - 0x00007ff8c6346000 	C:\Windows\system32\KERNELBASE.dll
0x00007ff8c49e0000 - 0x00007ff8c4a6e000 	C:\Windows\system32\apphelp.dll
0x00007ff8c44b0000 - 0x00007ff8c4504000 	C:\Windows\AppPatch\AppPatch64\AcGenral.DLL
0x00007ff8c83f0000 - 0x00007ff8c849a000 	C:\Windows\system32\msvcrt.dll
0x00007ff8c64b0000 - 0x00007ff8c64de000 	C:\Windows\system32\SspiCli.dll
0x00007ff8c8c20000 - 0x00007ff8c8c74000 	C:\Windows\system32\SHLWAPI.dll
0x00007ff8c8df0000 - 0x00007ff8c8f67000 	C:\Windows\system32\USER32.dll
0x00007ff8c8a70000 - 0x00007ff8c8c04000 	C:\Windows\system32\ole32.dll
0x00007ff8c6820000 - 0x00007ff8c7d4b000 	C:\Windows\system32\SHELL32.dll
0x00007ff8c5720000 - 0x00007ff8c5741000 	C:\Windows\SYSTEM32\USERENV.dll
0x00007ff8c7f30000 - 0x00007ff8c7fda000 	C:\Windows\system32\ADVAPI32.dll
0x00007ff8c4490000 - 0x00007ff8c44ae000 	C:\Windows\SYSTEM32\MPR.dll
0x00007ff8c87a0000 - 0x00007ff8c88e0000 	C:\Windows\system32\RPCRT4.dll
0x00007ff8c8f70000 - 0x00007ff8c8fc9000 	C:\Windows\SYSTEM32\sechost.dll
0x00007ff8c8040000 - 0x00007ff8c8250000 	C:\Windows\SYSTEM32\combase.dll
0x00007ff8c8900000 - 0x00007ff8c8a4c000 	C:\Windows\system32\GDI32.dll
0x00007ff8c6160000 - 0x00007ff8c6175000 	C:\Windows\SYSTEM32\profapi.dll
0x00007ff8c4a70000 - 0x00007ff8c4b22000 	C:\Windows\SYSTEM32\SHCORE.dll
0x00007ff8c4210000 - 0x00007ff8c448b000 	C:\Windows\WinSxS\amd64_microsoft.windows.common-controls_6595b64144ccf1df_6.0.9600.18006_none_623f33d3ecbe86e8\COMCTL32.dll
0x000000006c890000 - 0x000000006c962000 	C:\Program Files\Java\jre1.8.0_181\bin\msvcr100.dll
0x000000006bfe0000 - 0x000000006c882000 	C:\Program Files\Java\jre1.8.0_181\bin\server\jvm.dll
0x00007ff8b8ee0000 - 0x00007ff8b8ee9000 	C:\Windows\SYSTEM32\WSOCK32.dll
0x00007ff8b9190000 - 0x00007ff8b91b2000 	C:\Windows\SYSTEM32\WINMM.dll
0x00007ff8c1680000 - 0x00007ff8c168a000 	C:\Windows\SYSTEM32\VERSION.dll
0x00007ff8c88e0000 - 0x00007ff8c88e7000 	C:\Windows\system32\PSAPI.DLL
0x00007ff8c8fd0000 - 0x00007ff8c902a000 	C:\Windows\system32\WS2_32.dll
0x00007ff8b9030000 - 0x00007ff8b905a000 	C:\Windows\SYSTEM32\WINMMBASE.dll
0x00007ff8c88f0000 - 0x00007ff8c88f9000 	C:\Windows\system32\NSI.dll
0x00007ff8c6460000 - 0x00007ff8c64af000 	C:\Windows\SYSTEM32\cfgmgr32.dll
0x00007ff8c5000000 - 0x00007ff8c5028000 	C:\Windows\SYSTEM32\DEVOBJ.dll
0x000000006bdd0000 - 0x000000006bddf000 	C:\Program Files\Java\jre1.8.0_181\bin\verify.dll
0x000000006bda0000 - 0x000000006bdc9000 	C:\Program Files\Java\jre1.8.0_181\bin\java.dll
0x000000006bd80000 - 0x000000006bd96000 	C:\Program Files\Java\jre1.8.0_181\bin\zip.dll
0x000000006b9e0000 - 0x000000006ba04000 	C:\Program Files\Java\jre1.8.0_181\bin\sunec.dll
0x000000006b9c0000 - 0x000000006b9da000 	C:\Program Files\Java\jre1.8.0_181\bin\net.dll
0x00007ff8c5990000 - 0x00007ff8c59e9000 	C:\Windows\system32\mswsock.dll
0x00007ff8c25a0000 - 0x00007ff8c25ca000 	C:\Windows\SYSTEM32\IPHLPAPI.DLL
0x00007ff8c2130000 - 0x00007ff8c213a000 	C:\Windows\SYSTEM32\WINNSI.DLL
0x00007ff8c1350000 - 0x00007ff8c1366000 	C:\Windows\SYSTEM32\dhcpcsvc6.DLL
0x00007ff8c1330000 - 0x00007ff8c134a000 	C:\Windows\SYSTEM32\dhcpcsvc.DLL
0x000000006b9a0000 - 0x000000006b9b1000 	C:\Program Files\Java\jre1.8.0_181\bin\nio.dll
0x00007ff8c59f0000 - 0x00007ff8c5a10000 	C:\Windows\SYSTEM32\CRYPTSP.dll
0x00007ff8c5630000 - 0x00007ff8c5666000 	C:\Windows\system32\rsaenh.dll
0x00007ff8c5c40000 - 0x00007ff8c5c66000 	C:\Windows\SYSTEM32\bcrypt.dll
0x00007ff8c5f60000 - 0x00007ff8c5fc3000 	C:\Windows\system32\bcryptprimitives.dll
0x00007ff8c5fd0000 - 0x00007ff8c5fdb000 	C:\Windows\SYSTEM32\CRYPTBASE.dll
0x000000006b990000 - 0x000000006b99d000 	C:\Program Files\Java\jre1.8.0_181\bin\management.dll
0x00007ff8b9260000 - 0x00007ff8b93e9000 	C:\Windows\system32\DBGHELP.DLL

VM Arguments:
java_command: selenium-server-standalone-3.5.3.jar -role hub -port 4444
java_class_path (initial): selenium-server-standalone-3.5.3.jar
Launcher Type: SUN_STANDARD

Environment Variables:
PATH=C:\Program Files (x86)\Common Files\Oracle\Java\javapath;C:\Windows\system32;C:\Windows;C:\Windows\System32\Wbem;C:\Windows\System32\WindowsPowerShell\v1.0\;C:\Program Files\Java\jdk1.8.0_111\bin;C:\Program Files\nodejs\;C:\Program Files (x86)\Microsoft SQL Server\Client SDK\ODBC\130\Tools\Binn\;C:\Program Files (x86)\Microsoft SQL Server\140\Tools\Binn\;C:\Program Files (x86)\Microsoft SQL Server\140\DTS\Binn\;C:\Program Files (x86)\Microsoft SQL Server\140\Tools\Binn\ManagementStudio\;C:\Users\dadmati\AppData\Roaming\npm;C:\Program Files (x86)\Mozilla Firefox\
USERNAME=dadmati
OS=Windows_NT
PROCESSOR_IDENTIFIER=Intel64 Family 6 Model 45 Stepping 7, GenuineIntel



---------------  S Y S T E M  ---------------

OS: Windows Server 2012 R2 , 64 bit Build 9600 (6.3.9600.17415)

CPU:total 2 (initial active 2) (1 cores per cpu, 1 threads per core) family 6 model 45 stepping 7, cmov, cx8, fxsr, mmx, sse, sse2, sse3, ssse3, sse4.1, sse4.2, popcnt, avx, aes, clmul, tsc, tscinvbit, tscinv

Memory: 4k page, physical 6290932k(1443184k free), swap 10485236k(2638824k free)

vm_info: Java HotSpot(TM) 64-Bit Server VM (25.181-b13) for windows-amd64 JRE (1.8.0_181-b13), built on Jul  7 2018 04:01:33 by "java_re" with MS VC++ 10.0 (VS2010)

time: Mon Jan 07 03:41:34 2019
elapsed time: 16635 seconds (0d 4h 37m 15s)

