#
# There is insufficient memory for the Java Runtime Environment to continue.
# Native memory allocation (malloc) failed to allocate 864016 bytes for Chunk::new
# Possible reasons:
#   The system is out of physical RAM or swap space
#   In 32 bit mode, the process size limit was hit
# Possible solutions:
#   Reduce memory load on the system
#   Increase physical memory or swap space
#   Check if swap backing store is full
#   Use 64 bit Java on a 64 bit OS
#   Decrease Java heap size (-Xmx/-Xms)
#   Decrease number of Java threads
#   Decrease Java thread stack sizes (-Xss)
#   Set larger code cache with -XX:ReservedCodeCacheSize=
# This output file may be truncated or incomplete.
#
#  Out of Memory Error (allocation.cpp:390), pid=2716, tid=0x0000000000000e84
#
# JRE version: Java(TM) SE Runtime Environment (8.0_181-b13) (build 1.8.0_181-b13)
# Java VM: Java HotSpot(TM) 64-Bit Server VM (25.181-b13 mixed mode windows-amd64 compressed oops)
# Core dump written. Default location: C:\Selenium\common\lib\hs_err_pid2716.mdmp
#

---------------  T H R E A D  ---------------

Current thread (0x000000001500a800):  JavaThread "C2 CompilerThread0" daemon [_thread_in_native, id=3716, stack(0x0000000016020000,0x0000000016120000)]

Stack: [0x0000000016020000,0x0000000016120000]
[error occurred during error reporting (printing stack bounds), id 0xc0000005]

Native frames: (J=compiled Java code, j=interpreted, Vv=VM code, C=native code)


Current CompileTask:
C2:27440522 4378       4       org.seleniumhq.jetty9.server.HttpChannelOverHttp::headerComplete (557 bytes)


---------------  P R O C E S S  ---------------

Java Threads: ( => current thread )
  0x0000000016616800 JavaThread "RemoteProxy failure poller thread for http://137.52.220.171:5555" [_thread_in_Java, id=3252, stack(0x0000000018650000,0x0000000018750000)]
  0x0000000016615000 JavaThread "RemoteProxy CleanUpThread for http://137.52.220.171:5555" [_thread_blocked, id=3236, stack(0x0000000018450000,0x0000000018550000)]
  0x0000000016812000 JavaThread "Scheduler-222624801" [_thread_in_Java, id=3204, stack(0x0000000018150000,0x0000000018250000)]
  0x00000000017e1000 JavaThread "DestroyJavaVM" [_thread_blocked, id=1884, stack(0x00000000016e0000,0x00000000017e0000)]
  0x0000000016a6e000 JavaThread "Scheduler-1256728724" [_thread_blocked, id=3188, stack(0x0000000018050000,0x0000000018150000)]
  0x0000000016a33000 JavaThread "qtp1864350231-18" [_thread_blocked, id=3184, stack(0x0000000017d50000,0x0000000017e50000)]
  0x00000000168a1800 JavaThread "qtp1864350231-17" [_thread_blocked, id=3172, stack(0x0000000017c50000,0x0000000017d50000)]
  0x00000000168a1000 JavaThread "qtp1864350231-16" [_thread_blocked, id=3192, stack(0x0000000017b50000,0x0000000017c50000)]
  0x00000000168a0000 JavaThread "qtp1864350231-15" [_thread_in_Java, id=3136, stack(0x0000000017a50000,0x0000000017b50000)]
  0x0000000016936000 JavaThread "qtp1864350231-14" [_thread_blocked, id=3112, stack(0x0000000017950000,0x0000000017a50000)]
  0x0000000016935000 JavaThread "qtp1864350231-13-acceptor-0@62ff9241-ServerConnector@7181ae3f{HTTP/1.1,[http/1.1]}{0.0.0.0:4444}" [_thread_in_native, id=2992, stack(0x0000000017850000,0x0000000017950000)]
  0x0000000016932800 JavaThread "qtp1864350231-12" [_thread_blocked, id=2588, stack(0x0000000017750000,0x0000000017850000)]
  0x0000000016899000 JavaThread "qtp1864350231-11" [_thread_blocked, id=3080, stack(0x0000000017650000,0x0000000017750000)]
  0x0000000016b62000 JavaThread "Matcher thread" [_thread_in_Java, id=2320, stack(0x0000000016420000,0x0000000016520000)]
  0x000000001504c800 JavaThread "Service Thread" daemon [_thread_blocked, id=3732, stack(0x0000000016220000,0x0000000016320000)]
  0x0000000015022000 JavaThread "C1 CompilerThread1" daemon [_thread_blocked, id=3720, stack(0x0000000016120000,0x0000000016220000)]
=>0x000000001500a800 JavaThread "C2 CompilerThread0" daemon [_thread_in_native, id=3716, stack(0x0000000016020000,0x0000000016120000)]
  0x0000000015005800 JavaThread "Attach Listener" daemon [_thread_blocked, id=3712, stack(0x0000000015f20000,0x0000000016020000)]
  0x000000001500f000 JavaThread "Signal Dispatcher" daemon [_thread_blocked, id=3708, stack(0x0000000015e20000,0x0000000015f20000)]
  0x0000000014ff8800 JavaThread "Finalizer" daemon [_thread_blocked, id=3532, stack(0x0000000015c40000,0x0000000015d40000)]
  0x00000000018ce800 JavaThread "Reference Handler" daemon [_thread_blocked, id=3528, stack(0x0000000015b40000,0x0000000015c40000)]

Other Threads:
  0x0000000014fd6000 VMThread [stack: 0x0000000015a40000,0x0000000015b40000] [id=3508]
  0x0000000015091800 WatcherThread [stack: 0x0000000016320000,0x0000000016420000] [id=3740]

VM state:not at safepoint (normal execution)

VM Mutex/Monitor currently owned by a thread: None

Heap:
 PSYoungGen      total 23040K, used 7337K [0x00000000e0000000, 0x00000000e1800000, 0x0000000100000000)
  eden space 21504K, 32% used [0x00000000e0000000,0x00000000e06da500,0x00000000e1500000)
  from space 1536K, 20% used [0x00000000e1500000,0x00000000e1550000,0x00000000e1680000)
  to   space 1536K, 0% used [0x00000000e1680000,0x00000000e1680000,0x00000000e1800000)
 ParOldGen       total 65536K, used 10973K [0x00000000a0000000, 0x00000000a4000000, 0x00000000e0000000)
  object space 65536K, 16% used [0x00000000a0000000,0x00000000a0ab7710,0x00000000a4000000)
 Metaspace       used 16996K, capacity 17314K, committed 17536K, reserved 1064960K
  class space    used 1946K, capacity 2073K, committed 2176K, reserved 1048576K

Card table byte_map: [0x0000000010ca0000,0x0000000010fb0000] byte_map_base: 0x00000000107a0000

Marking Bits: (ParMarkBitMap*) 0x0000000068442d00
 Begin Bits: [0x00000000113b0000, 0x0000000012bb0000)
 End Bits:   [0x0000000012bb0000, 0x00000000143b0000)

Polling page: 0x0000000001320000

CodeCache: size=245760Kb used=12623Kb max_used=12989Kb free=233137Kb
 bounds [0x00000000018e0000, 0x00000000025c0000, 0x00000000108e0000]
 total_blobs=3813 nmethods=3400 adapters=325
 compilation: enabled

Compilation events (10 events):
Event: 27359.098 Thread 0x000000001500a800 nmethod 4373 0x00000000021d1890 code [0x00000000021d1b00, 0x00000000021d2b08]
Event: 27364.044 Thread 0x000000001500a800 4374       4       org.seleniumhq.jetty9.util.thread.Invocable$InvocableExecutor::invoke (75 bytes)
Event: 27364.653 Thread 0x000000001500a800 nmethod 4374 0x0000000002560210 code [0x0000000002560840, 0x0000000002564c28]
Event: 27384.723 Thread 0x000000001500a800 4375   !   4       org.seleniumhq.jetty9.server.handler.ContextHandler::exitScope (69 bytes)
Event: 27385.505 Thread 0x000000001500a800 nmethod 4375 0x0000000001c9d310 code [0x0000000001c9d460, 0x0000000001c9d558]
Event: 27405.477 Thread 0x000000001500a800 4376   !   4       sun.nio.ch.SocketChannelImpl::ensureWriteOpen (63 bytes)
Event: 27405.755 Thread 0x000000001500a800 nmethod 4376 0x0000000001fb6e10 code [0x0000000001fb6f60, 0x0000000001fb7438]
Event: 27410.515 Thread 0x000000001500a800 4377       4       sun.nio.ch.SocketChannelImpl::translateReadyOps (191 bytes)
Event: 27410.731 Thread 0x000000001500a800 nmethod 4377 0x0000000001a2ebd0 code [0x0000000001a2ed20, 0x0000000001a2ef38]
Event: 27410.731 Thread 0x000000001500a800 4378       4       org.seleniumhq.jetty9.server.HttpChannelOverHttp::headerComplete (557 bytes)

GC Heap History (10 events):
Event: 24945.973 GC heap before
{Heap before GC invocations=45 (full 0):
 PSYoungGen      total 23040K, used 21856K [0x00000000e0000000, 0x00000000e1800000, 0x0000000100000000)
  eden space 21504K, 100% used [0x00000000e0000000,0x00000000e1500000,0x00000000e1500000)
  from space 1536K, 22% used [0x00000000e1680000,0x00000000e16d8000,0x00000000e1800000)
  to   space 1536K, 0% used [0x00000000e1500000,0x00000000e1500000,0x00000000e1680000)
 ParOldGen       total 65536K, used 10901K [0x00000000a0000000, 0x00000000a4000000, 0x00000000e0000000)
  object space 65536K, 16% used [0x00000000a0000000,0x00000000a0aa5710,0x00000000a4000000)
 Metaspace       used 16995K, capacity 17314K, committed 17536K, reserved 1064960K
  class space    used 1945K, capacity 2073K, committed 2176K, reserved 1048576K
Event: 24945.980 GC heap after
Heap after GC invocations=45 (full 0):
 PSYoungGen      total 23040K, used 352K [0x00000000e0000000, 0x00000000e1800000, 0x0000000100000000)
  eden space 21504K, 0% used [0x00000000e0000000,0x00000000e0000000,0x00000000e1500000)
  from space 1536K, 22% used [0x00000000e1500000,0x00000000e1558000,0x00000000e1680000)
  to   space 1536K, 0% used [0x00000000e1680000,0x00000000e1680000,0x00000000e1800000)
 ParOldGen       total 65536K, used 10917K [0x00000000a0000000, 0x00000000a4000000, 0x00000000e0000000)
  object space 65536K, 16% used [0x00000000a0000000,0x00000000a0aa9710,0x00000000a4000000)
 Metaspace       used 16995K, capacity 17314K, committed 17536K, reserved 1064960K
  class space    used 1945K, capacity 2073K, committed 2176K, reserved 1048576K
}
Event: 25504.974 GC heap before
{Heap before GC invocations=46 (full 0):
 PSYoungGen      total 23040K, used 21856K [0x00000000e0000000, 0x00000000e1800000, 0x0000000100000000)
  eden space 21504K, 100% used [0x00000000e0000000,0x00000000e1500000,0x00000000e1500000)
  from space 1536K, 22% used [0x00000000e1500000,0x00000000e1558000,0x00000000e1680000)
  to   space 1536K, 0% used [0x00000000e1680000,0x00000000e1680000,0x00000000e1800000)
 ParOldGen       total 65536K, used 10917K [0x00000000a0000000, 0x00000000a4000000, 0x00000000e0000000)
  object space 65536K, 16% used [0x00000000a0000000,0x00000000a0aa9710,0x00000000a4000000)
 Metaspace       used 16995K, capacity 17314K, committed 17536K, reserved 1064960K
  class space    used 1945K, capacity 2073K, committed 2176K, reserved 1048576K
Event: 25504.980 GC heap after
Heap after GC invocations=46 (full 0):
 PSYoungGen      total 23040K, used 352K [0x00000000e0000000, 0x00000000e1800000, 0x0000000100000000)
  eden space 21504K, 0% used [0x00000000e0000000,0x00000000e0000000,0x00000000e1500000)
  from space 1536K, 22% used [0x00000000e1680000,0x00000000e16d8000,0x00000000e1800000)
  to   space 1536K, 0% used [0x00000000e1500000,0x00000000e1500000,0x00000000e1680000)
 ParOldGen       total 65536K, used 10933K [0x00000000a0000000, 0x00000000a4000000, 0x00000000e0000000)
  object space 65536K, 16% used [0x00000000a0000000,0x00000000a0aad710,0x00000000a4000000)
 Metaspace       used 16995K, capacity 17314K, committed 17536K, reserved 1064960K
  class space    used 1945K, capacity 2073K, committed 2176K, reserved 1048576K
}
Event: 26069.007 GC heap before
{Heap before GC invocations=47 (full 0):
 PSYoungGen      total 23040K, used 21856K [0x00000000e0000000, 0x00000000e1800000, 0x0000000100000000)
  eden space 21504K, 100% used [0x00000000e0000000,0x00000000e1500000,0x00000000e1500000)
  from space 1536K, 22% used [0x00000000e1680000,0x00000000e16d8000,0x00000000e1800000)
  to   space 1536K, 0% used [0x00000000e1500000,0x00000000e1500000,0x00000000e1680000)
 ParOldGen       total 65536K, used 10933K [0x00000000a0000000, 0x00000000a4000000, 0x00000000e0000000)
  object space 65536K, 16% used [0x00000000a0000000,0x00000000a0aad710,0x00000000a4000000)
 Metaspace       used 16996K, capacity 17314K, committed 17536K, reserved 1064960K
  class space    used 1946K, capacity 2073K, committed 2176K, reserved 1048576K
Event: 26069.012 GC heap after
Heap after GC invocations=47 (full 0):
 PSYoungGen      total 23040K, used 352K [0x00000000e0000000, 0x00000000e1800000, 0x0000000100000000)
  eden space 21504K, 0% used [0x00000000e0000000,0x00000000e0000000,0x00000000e1500000)
  from space 1536K, 22% used [0x00000000e1500000,0x00000000e1558000,0x00000000e1680000)
  to   space 1536K, 0% used [0x00000000e1680000,0x00000000e1680000,0x00000000e1800000)
 ParOldGen       total 65536K, used 10941K [0x00000000a0000000, 0x00000000a4000000, 0x00000000e0000000)
  object space 65536K, 16% used [0x00000000a0000000,0x00000000a0aaf710,0x00000000a4000000)
 Metaspace       used 16996K, capacity 17314K, committed 17536K, reserved 1064960K
  class space    used 1946K, capacity 2073K, committed 2176K, reserved 1048576K
}
Event: 26638.715 GC heap before
{Heap before GC invocations=48 (full 0):
 PSYoungGen      total 23040K, used 21856K [0x00000000e0000000, 0x00000000e1800000, 0x0000000100000000)
  eden space 21504K, 100% used [0x00000000e0000000,0x00000000e1500000,0x00000000e1500000)
  from space 1536K, 22% used [0x00000000e1500000,0x00000000e1558000,0x00000000e1680000)
  to   space 1536K, 0% used [0x00000000e1680000,0x00000000e1680000,0x00000000e1800000)
 ParOldGen       total 65536K, used 10941K [0x00000000a0000000, 0x00000000a4000000, 0x00000000e0000000)
  object space 65536K, 16% used [0x00000000a0000000,0x00000000a0aaf710,0x00000000a4000000)
 Metaspace       used 16996K, capacity 17314K, committed 17536K, reserved 1064960K
  class space    used 1946K, capacity 2073K, committed 2176K, reserved 1048576K
Event: 26639.368 GC heap after
Heap after GC invocations=48 (full 0):
 PSYoungGen      total 23040K, used 352K [0x00000000e0000000, 0x00000000e1800000, 0x0000000100000000)
  eden space 21504K, 0% used [0x00000000e0000000,0x00000000e0000000,0x00000000e1500000)
  from space 1536K, 22% used [0x00000000e1680000,0x00000000e16d8000,0x00000000e1800000)
  to   space 1536K, 0% used [0x00000000e1500000,0x00000000e1500000,0x00000000e1680000)
 ParOldGen       total 65536K, used 10957K [0x00000000a0000000, 0x00000000a4000000, 0x00000000e0000000)
  object space 65536K, 16% used [0x00000000a0000000,0x00000000a0ab3710,0x00000000a4000000)
 Metaspace       used 16996K, capacity 17314K, committed 17536K, reserved 1064960K
  class space    used 1946K, capacity 2073K, committed 2176K, reserved 1048576K
}
Event: 27219.514 GC heap before
{Heap before GC invocations=49 (full 0):
 PSYoungGen      total 23040K, used 21856K [0x00000000e0000000, 0x00000000e1800000, 0x0000000100000000)
  eden space 21504K, 100% used [0x00000000e0000000,0x00000000e1500000,0x00000000e1500000)
  from space 1536K, 22% used [0x00000000e1680000,0x00000000e16d8000,0x00000000e1800000)
  to   space 1536K, 0% used [0x00000000e1500000,0x00000000e1500000,0x00000000e1680000)
 ParOldGen       total 65536K, used 10957K [0x00000000a0000000, 0x00000000a4000000, 0x00000000e0000000)
  object space 65536K, 16% used [0x00000000a0000000,0x00000000a0ab3710,0x00000000a4000000)
 Metaspace       used 16996K, capacity 17314K, committed 17536K, reserved 1064960K
  class space    used 1946K, capacity 2073K, committed 2176K, reserved 1048576K
Event: 27221.643 GC heap after
Heap after GC invocations=49 (full 0):
 PSYoungGen      total 23040K, used 320K [0x00000000e0000000, 0x00000000e1800000, 0x0000000100000000)
  eden space 21504K, 0% used [0x00000000e0000000,0x00000000e0000000,0x00000000e1500000)
  from space 1536K, 20% used [0x00000000e1500000,0x00000000e1550000,0x00000000e1680000)
  to   space 1536K, 0% used [0x00000000e1680000,0x00000000e1680000,0x00000000e1800000)
 ParOldGen       total 65536K, used 10973K [0x00000000a0000000, 0x00000000a4000000, 0x00000000e0000000)
  object space 65536K, 16% used [0x00000000a0000000,0x00000000a0ab7710,0x00000000a4000000)
 Metaspace       used 16996K, capacity 17314K, committed 17536K, reserved 1064960K
  class space    used 1946K, capacity 2073K, committed 2176K, reserved 1048576K
}

Deoptimization events (10 events):
Event: 21376.722 Thread 0x00000000168a0000 Uncommon trap: reason=unstable_if action=reinterpret pc=0x0000000001c9d420 method=java.nio.channels.spi.AbstractInterruptibleChannel.begin()V @ 4
Event: 21376.722 Thread 0x00000000168a0000 Uncommon trap: reason=class_check action=maybe_recompile pc=0x00000000024ee5c0 method=org.seleniumhq.jetty9.http.HttpParser.parseFields(Ljava/nio/ByteBuffer;)Z @ 746
Event: 21376.725 Thread 0x00000000168a0000 Uncommon trap: reason=class_check action=maybe_recompile pc=0x0000000001e09f30 method=java.util.Formatter$FormatSpecifier.printString(Ljava/lang/Object;Ljava/util/Locale;)V @ 98
Event: 21376.888 Thread 0x00000000168a1000 Uncommon trap: reason=class_check action=maybe_recompile pc=0x0000000001db7274 method=org.seleniumhq.jetty9.server.ResponseWriter.close()V @ 11
Event: 21376.888 Thread 0x00000000168a1000 Uncommon trap: reason=class_check action=maybe_recompile pc=0x0000000001ecc504 method=org.seleniumhq.jetty9.http.HttpGenerator.putTo(Lorg/seleniumhq/jetty9/http/HttpField;Ljava/nio/ByteBuffer;)V @ 1
Event: 21376.889 Thread 0x00000000168a1000 Uncommon trap: reason=class_check action=maybe_recompile pc=0x0000000001ecc504 method=org.seleniumhq.jetty9.http.HttpGenerator.putTo(Lorg/seleniumhq/jetty9/http/HttpField;Ljava/nio/ByteBuffer;)V @ 1
Event: 21376.889 Thread 0x00000000168a1000 Uncommon trap: reason=class_check action=maybe_recompile pc=0x0000000001f58704 method=org.seleniumhq.jetty9.io.ManagedSelector$SelectorProducer.nextAction()Ljava/lang/Runnable; @ 25
Event: 21376.890 Thread 0x00000000168a1000 Uncommon trap: reason=unstable_if action=reinterpret pc=0x0000000001beef9c method=sun.nio.ch.SelectionKeyImpl.ensureValid()V @ 4
Event: 21376.890 Thread 0x00000000168a1000 Uncommon trap: reason=unstable_if action=reinterpret pc=0x0000000001d7f14c method=java.util.HashMap.isEmpty()Z @ 4
Event: 21526.903 Thread 0x0000000016936000 Uncommon trap: reason=unstable_if action=reinterpret pc=0x0000000001d3ab18 method=java.util.HashMap.isEmpty()Z @ 4

Classes redefined (0 events):
No events

Internal exceptions (10 events):
Event: 208.453 Thread 0x00000000017e1000 Exception <a 'java/lang/NoClassDefFoundError': org/slf4j/Logger> (0x00000000e168d6b0) thrown at [C:\re\workspace\8-2-build-windows-amd64-cygwin\jdk8u181\11358\hotspot\src\share\vm\classfile\systemDictionary.cpp, line 199]
Event: 225.826 Thread 0x00000000168a0000 Exception <a 'java/lang/ArrayIndexOutOfBoundsException': 18> (0x00000000e0a8f900) thrown at [C:\re\workspace\8-2-build-windows-amd64-cygwin\jdk8u181\11358\hotspot\src\share\vm\interpreter\interpreterRuntime.cpp, line 366]
Event: 225.827 Thread 0x00000000168a0000 Exception <a 'java/lang/ArrayIndexOutOfBoundsException': 105> (0x00000000e0a90e90) thrown at [C:\re\workspace\8-2-build-windows-amd64-cygwin\jdk8u181\11358\hotspot\src\share\vm\interpreter\interpreterRuntime.cpp, line 366]
Event: 21374.617 Thread 0x0000000016899000 Implicit null exception at 0x00000000024f400b to 0x00000000024f4f45
Event: 21375.408 Thread 0x00000000168a0000 Exception <a 'java/lang/IncompatibleClassChangeError': Found class java.lang.Object, but interface was expected> (0x00000000e086b1e8) thrown at [C:\re\workspace\8-2-build-windows-amd64-cygwin\jdk8u181\11358\hotspot\src\share\vm\interpreter\linkResolver.cp
Event: 21375.475 Thread 0x00000000168a0000 Exception <a 'java/lang/NoSuchMethodError': java.lang.Object.lambda$or$2(Ljava/util/function/Predicate;Ljava/lang/Object;)Z> (0x00000000e0878650) thrown at [C:\re\workspace\8-2-build-windows-amd64-cygwin\jdk8u181\11358\hotspot\src\share\vm\interpreter\lin
Event: 21375.534 Thread 0x00000000168a0000 Implicit null exception at 0x00000000020c7f6f to 0x00000000020c9d31
Event: 21375.565 Thread 0x00000000168a0000 Implicit null exception at 0x0000000001cd048d to 0x0000000001cd0cd9
Event: 21376.322 Thread 0x00000000168a0000 Implicit null exception at 0x0000000001eb5298 to 0x0000000001eb6259
Event: 21376.600 Thread 0x0000000016936000 Implicit null exception at 0x0000000001f0a9a2 to 0x0000000001f0b6e1

Events (10 events):
Event: 27312.410 Thread 0x000000001500a800 flushing nmethod 0x0000000002046810
Event: 27312.446 Thread 0x000000001500a800 flushing nmethod 0x00000000020e33d0
Event: 27312.448 Thread 0x000000001500a800 flushing nmethod 0x00000000020ee310
Event: 27312.467 Thread 0x000000001500a800 flushing nmethod 0x00000000020ef510
Event: 27312.483 Thread 0x000000001500a800 flushing nmethod 0x00000000020ff350
Event: 27312.489 Thread 0x000000001500a800 flushing nmethod 0x00000000021467d0
Event: 27312.490 Thread 0x000000001500a800 flushing nmethod 0x0000000002149350
Event: 27312.510 Thread 0x000000001500a800 flushing nmethod 0x0000000002153210
Event: 27317.518 Thread 0x000000001500a800 flushing nmethod 0x00000000021d5350
Event: 27317.762 Thread 0x000000001500a800 flushing nmethod 0x000000000255bb10


Dynamic libraries:
0x00007ff784810000 - 0x00007ff784847000 	C:\Program Files (x86)\Common Files\Oracle\Java\javapath\java.exe
0x00007ffc7c850000 - 0x00007ffc7c9fd000 	C:\Windows\SYSTEM32\ntdll.dll
0x00007ffc7a300000 - 0x00007ffc7a43e000 	C:\Windows\system32\KERNEL32.DLL
0x00007ffc79ce0000 - 0x00007ffc79df6000 	C:\Windows\system32\KERNELBASE.dll
0x00007ffc782c0000 - 0x00007ffc7834e000 	C:\Windows\system32\apphelp.dll
0x00007ffc77cd0000 - 0x00007ffc77d24000 	C:\Windows\AppPatch\AppPatch64\AcGenral.DLL
0x00007ffc7c6e0000 - 0x00007ffc7c78a000 	C:\Windows\system32\msvcrt.dll
0x00007ffc79e00000 - 0x00007ffc79e2e000 	C:\Windows\system32\SspiCli.dll
0x00007ffc7a110000 - 0x00007ffc7a164000 	C:\Windows\system32\SHLWAPI.dll
0x00007ffc7acc0000 - 0x00007ffc7ae37000 	C:\Windows\system32\USER32.dll
0x00007ffc7a770000 - 0x00007ffc7a904000 	C:\Windows\system32\ole32.dll
0x00007ffc7afe0000 - 0x00007ffc7c50b000 	C:\Windows\system32\SHELL32.dll
0x00007ffc78f40000 - 0x00007ffc78f61000 	C:\Windows\SYSTEM32\USERENV.dll
0x00007ffc7ab60000 - 0x00007ffc7ac0a000 	C:\Windows\system32\ADVAPI32.dll
0x00007ffc77a30000 - 0x00007ffc77a4e000 	C:\Windows\SYSTEM32\MPR.dll
0x00007ffc7aea0000 - 0x00007ffc7afe0000 	C:\Windows\system32\RPCRT4.dll
0x00007ffc7a910000 - 0x00007ffc7a969000 	C:\Windows\SYSTEM32\sechost.dll
0x00007ffc79ee0000 - 0x00007ffc7a0f0000 	C:\Windows\SYSTEM32\combase.dll
0x00007ffc7a440000 - 0x00007ffc7a58c000 	C:\Windows\system32\GDI32.dll
0x00007ffc79980000 - 0x00007ffc79995000 	C:\Windows\SYSTEM32\profapi.dll
0x00007ffc78200000 - 0x00007ffc782b2000 	C:\Windows\SYSTEM32\SHCORE.dll
0x00007ffc77a50000 - 0x00007ffc77ccb000 	C:\Windows\WinSxS\amd64_microsoft.windows.common-controls_6595b64144ccf1df_6.0.9600.18006_none_623f33d3ecbe86e8\COMCTL32.dll
0x00000000686d0000 - 0x00000000687a2000 	C:\Program Files\Java\jre1.8.0_181\bin\msvcr100.dll
0x0000000067c20000 - 0x00000000684c2000 	C:\Program Files\Java\jre1.8.0_181\bin\server\jvm.dll
0x00007ffc6c700000 - 0x00007ffc6c709000 	C:\Windows\SYSTEM32\WSOCK32.dll
0x00007ffc6ca00000 - 0x00007ffc6ca22000 	C:\Windows\SYSTEM32\WINMM.dll
0x00007ffc74f50000 - 0x00007ffc74f5a000 	C:\Windows\SYSTEM32\VERSION.dll
0x00007ffc7a9e0000 - 0x00007ffc7a9e7000 	C:\Windows\system32\PSAPI.DLL
0x00007ffc7ae40000 - 0x00007ffc7ae9a000 	C:\Windows\system32\WS2_32.dll
0x00007ffc6c8a0000 - 0x00007ffc6c8ca000 	C:\Windows\SYSTEM32\WINMMBASE.dll
0x00007ffc7acb0000 - 0x00007ffc7acb9000 	C:\Windows\system32\NSI.dll
0x00007ffc79e90000 - 0x00007ffc79edf000 	C:\Windows\SYSTEM32\cfgmgr32.dll
0x00007ffc78800000 - 0x00007ffc78828000 	C:\Windows\SYSTEM32\DEVOBJ.dll
0x0000000067c10000 - 0x0000000067c1f000 	C:\Program Files\Java\jre1.8.0_181\bin\verify.dll
0x0000000067be0000 - 0x0000000067c09000 	C:\Program Files\Java\jre1.8.0_181\bin\java.dll
0x0000000067bc0000 - 0x0000000067bd6000 	C:\Program Files\Java\jre1.8.0_181\bin\zip.dll
0x00000000687b0000 - 0x00000000687d4000 	C:\Program Files\Java\jre1.8.0_181\bin\sunec.dll
0x0000000067af0000 - 0x0000000067b0a000 	C:\Program Files\Java\jre1.8.0_181\bin\net.dll
0x00007ffc791b0000 - 0x00007ffc79209000 	C:\Windows\system32\mswsock.dll
0x00007ffc75dc0000 - 0x00007ffc75dea000 	C:\Windows\SYSTEM32\IPHLPAPI.DLL
0x00007ffc75950000 - 0x00007ffc7595a000 	C:\Windows\SYSTEM32\WINNSI.DLL
0x00007ffc74dc0000 - 0x00007ffc74dd6000 	C:\Windows\SYSTEM32\dhcpcsvc6.DLL
0x00007ffc73c70000 - 0x00007ffc73c8a000 	C:\Windows\SYSTEM32\dhcpcsvc.DLL
0x00000000677d0000 - 0x00000000677e1000 	C:\Program Files\Java\jre1.8.0_181\bin\nio.dll
0x00007ffc79210000 - 0x00007ffc79230000 	C:\Windows\SYSTEM32\CRYPTSP.dll
0x00007ffc78e50000 - 0x00007ffc78e86000 	C:\Windows\system32\rsaenh.dll
0x00007ffc79460000 - 0x00007ffc79486000 	C:\Windows\SYSTEM32\bcrypt.dll
0x00007ffc79780000 - 0x00007ffc797e3000 	C:\Windows\system32\bcryptprimitives.dll
0x00007ffc797f0000 - 0x00007ffc797fb000 	C:\Windows\SYSTEM32\CRYPTBASE.dll
0x0000000067ae0000 - 0x0000000067aed000 	C:\Program Files\Java\jre1.8.0_181\bin\management.dll
0x00007ffc6cac0000 - 0x00007ffc6cc49000 	C:\Windows\system32\DBGHELP.DLL

VM Arguments:
java_command: selenium-server-standalone-3.5.3.jar -role hub -port 4444
java_class_path (initial): selenium-server-standalone-3.5.3.jar
Launcher Type: SUN_STANDARD

Environment Variables:
PATH=C:\Program Files (x86)\Common Files\Oracle\Java\javapath;C:\Windows\system32;C:\Windows;C:\Windows\System32\Wbem;C:\Windows\System32\WindowsPowerShell\v1.0\;C:\Program Files\Java\jdk1.8.0_111\bin;C:\Program Files\nodejs\;C:\Program Files (x86)\Microsoft SQL Server\Client SDK\ODBC\130\Tools\Binn\;C:\Program Files (x86)\Microsoft SQL Server\140\Tools\Binn\;C:\Program Files (x86)\Microsoft SQL Server\140\DTS\Binn\;C:\Program Files (x86)\Microsoft SQL Server\140\Tools\Binn\ManagementStudio\;C:\Users\dadmati\AppData\Roaming\npm;C:\Program Files (x86)\Mozilla Firefox\
USERNAME=dadmati
OS=Windows_NT
PROCESSOR_IDENTIFIER=Intel64 Family 6 Model 45 Stepping 7, GenuineIntel



---------------  S Y S T E M  ---------------

OS: Windows Server 2012 R2 , 64 bit Build 9600 (6.3.9600.17415)

CPU:total 2 (initial active 2) (1 cores per cpu, 1 threads per core) family 6 model 45 stepping 7, cmov, cx8, fxsr, mmx, sse, sse2, sse3, ssse3, sse4.1, sse4.2, popcnt, avx, aes, clmul, tsc, tscinvbit, tscinv

Memory: 4k page, physical 6290932k(182648k free), swap 10485236k(3336k free)

vm_info: Java HotSpot(TM) 64-Bit Server VM (25.181-b13) for windows-amd64 JRE (1.8.0_181-b13), built on Jul  7 2018 04:01:33 by "java_re" with MS VC++ 10.0 (VS2010)

time: Mon Dec 31 06:41:21 2018
elapsed time: 27432 seconds (0d 7h 37m 12s)

